
--------------------------------------------------
TXLib соболезнует...

Программа: D:\проекты и другое\test\main.exe, файл: d:\program\codeblocks\mingw\include\txlib.h, строка: 13628, функция: bool {anonymous}::TX::txBitBlt(HDC, double, double, double, double, HDC, double, double, unsigned int),

Сообщение: Параметр "sourceImage" неверен. Возможно, этот холст не создан, или уже уничтожен, или не загрузилась картинка.

#1: TXLib [Ver: 00173a, Rev: 171, Date: 2022-07-23 02:08:28 +0400], Instance: 0x005062FC (32-bit), Flags: CMdRe0, Thread: 0x759C (Main), GetLastError(): 13 (Недопустимые данные). 

--------------------------------------------------
Стек вызовов:

# 0 0x004221C3 in D:\проекты и другое\test\main.exe: txBitBlt() at d:/program/codeblocks/mingw/include/txlib.h (13628)

# 1 0x0042C54F in D:\проекты и другое\test\main.exe: main() at D:/проекты и другое/test/main.cpp (58):

     56:         txSelectFont("Times New Roman", 40);
     57:         txRectangle (50, 320, 250, 470);
=>   58:         txBitBlt(txDC(), 50, 320, 200, 150, quest.pic_answer1);
     59:         txDrawText(50, 500, 250, 550, quest.text_answer1.c_str());
     60:         txRectangle (300, 320, 500, 470);

--------------------------------------------------
Стек вызовов TX:

# 0 in bool {anonymous}::TX::txBitBlt(HDC, double, double, double, double, HDC, double, double, unsigned int) at d:\program\codeblocks\mingw\include\txlib.h (13628):

  13626:     {
  13627: $1  if (_TX_HDC_FAILED (destImage))   return false;
=>13628: $   if (_TX_HDC_FAILED (sourceImage)) return false;
  13629: 
  13630: $   POINT size = txGetExtent (sourceImage);

# 1 in int main() at D:\проекты и другое\test\main.cpp (58):

     56:         txSelectFont("Times New Roman", 40);
     57:         txRectangle (50, 320, 250, 470);
=>   58:         txBitBlt(txDC(), 50, 320, 200, 150, quest.pic_answer1);
     59:         txDrawText(50, 500, 250, 550, quest.text_answer1.c_str());
     60:         txRectangle (300, 320, 500, 470);

--------------------------------------------------
Developed with:

The Dumb Artist Library (TX Library)
TXLib [Ver: 00173a, Rev: 171, Date: 2022-07-23 02:08:28 +0400]
Copyright (C) Ded (Ilya Dedinsky, http://txlib.ru) <mail@txlib.ru>
See license on: http://txlib.ru

TXLib file:	d:\program\codeblocks\mingw\include\txlib.h
Compiled:	May 12 2023 15:35:20, GNU g++ 4.8.1, std=201103L, MinGW Runtime 3.20, 32-bit, DEBUG
Started:	May 12 2023 15:35:26

Run file:	D:\проекты и другое\test\main.exe
Directory:	D:\проекты и другое\test

--------------------------------------------------
